Performing C++ SOURCE FILE Test COMPILER_SUPPORTS_CXX11 failed with the following output:
Change Dir: C:/Users/ghaza/Documents/GitHub/computer-graphics-ray-casting/build-release/CMakeFiles/CMakeTmp

Run Build Command(s):C:/Program Files (x86)/Microsoft Visual Studio/2019/Community/MSBuild/Current/Bin/MSBuild.exe cmTC_542f9.vcxproj /p:Configuration=Debug /p:Platform=x64 /p:VisualStudioVersion=16.0 /v:m && Microsoft (R) Build Engine version 16.11.1+3e40a09f8 for .NET Framework
Copyright (C) Microsoft Corporation. All rights reserved.

  Microsoft (R) C/C++ Optimizing Compiler Version 19.29.30136 for x64
  Copyright (C) Microsoft Corporation.  All rights reserved.
  src.cxx
  cl /c /Zi /W3 /WX- /diagnostics:column /Od /Ob0 /D _MBCS /D WIN32 /D _WINDOWS /D COMPILER_SUPPORTS_CXX11 /D "CMAKE_INTDIR=\"Debug\"" /Gm- /EHsc /RTC1 /MDd /GS /fp:precise /Zc:wchar_t /Zc:forScope /Zc:inline /GR /Fo"cmTC_542f9.dir\Debug\\" /Fd"cmTC_542f9.dir\Debug\vc142.pdb" /external:W3 /Gd /TP /errorReport:queue  -std=c++11 "C:\Users\ghaza\Documents\GitHub\computer-graphics-ray-casting\build-release\CMakeFiles\CMakeTmp\src.cxx"
cl : command line warning D9002: ignoring unknown option '-std=c++11' [C:\Users\ghaza\Documents\GitHub\computer-graphics-ray-casting\build-release\CMakeFiles\CMakeTmp\cmTC_542f9.vcxproj]
  cmTC_542f9.vcxproj -> C:\Users\ghaza\Documents\GitHub\computer-graphics-ray-casting\build-release\CMakeFiles\CMakeTmp\Debug\cmTC_542f9.exe


Source file was:
int main() { return 0; }
Performing C++ SOURCE FILE Test COMPILER_SUPPORTS_CXX0X failed with the following output:
Change Dir: C:/Users/ghaza/Documents/GitHub/computer-graphics-ray-casting/build-release/CMakeFiles/CMakeTmp

Run Build Command(s):C:/Program Files (x86)/Microsoft Visual Studio/2019/Community/MSBuild/Current/Bin/MSBuild.exe cmTC_68a68.vcxproj /p:Configuration=Debug /p:Platform=x64 /p:VisualStudioVersion=16.0 /v:m && Microsoft (R) Build Engine version 16.11.1+3e40a09f8 for .NET Framework
Copyright (C) Microsoft Corporation. All rights reserved.

  Microsoft (R) C/C++ Optimizing Compiler Version 19.29.30136 for x64
  Copyright (C) Microsoft Corporation.  All rights reserved.
  src.cxx
  cl /c /Zi /W3 /WX- /diagnostics:column /Od /Ob0 /D _MBCS /D WIN32 /D _WINDOWS /D COMPILER_SUPPORTS_CXX0X /D "CMAKE_INTDIR=\"Debug\"" /Gm- /EHsc /RTC1 /MDd /GS /fp:precise /Zc:wchar_t /Zc:forScope /Zc:inline /GR /Fo"cmTC_68a68.dir\Debug\\" /Fd"cmTC_68a68.dir\Debug\vc142.pdb" /external:W3 /Gd /TP /errorReport:queue  -std=c++0x "C:\Users\ghaza\Documents\GitHub\computer-graphics-ray-casting\build-release\CMakeFiles\CMakeTmp\src.cxx"
cl : command line warning D9002: ignoring unknown option '-std=c++0x' [C:\Users\ghaza\Documents\GitHub\computer-graphics-ray-casting\build-release\CMakeFiles\CMakeTmp\cmTC_68a68.vcxproj]
  cmTC_68a68.vcxproj -> C:\Users\ghaza\Documents\GitHub\computer-graphics-ray-casting\build-release\CMakeFiles\CMakeTmp\Debug\cmTC_68a68.exe


Source file was:
int main() { return 0; }
